  [1m[35m (0.1ms)[0m  [1m[34mSELECT sqlite_version(*)[0m
  ↳ bin/rails:9
  [1m[35m (9.9ms)[0m  [1m[35mCREATE TABLE "schema_migrations" ("version" varchar NOT NULL PRIMARY KEY)[0m
  ↳ bin/rails:9
  [1m[35m (4.7ms)[0m  [1m[35mCREATE TABLE "ar_internal_metadata" ("key" varchar NOT NULL PRIMARY KEY, "value" varchar, "created_at" datetime NOT NULL, "updated_at" datetime NOT NULL)[0m
  ↳ bin/rails:9
  [1m[35m (0.2ms)[0m  [1m[34mSELECT "schema_migrations"."version" FROM "schema_migrations" ORDER BY "schema_migrations"."version" ASC[0m
  ↳ bin/rails:9
Migrating to DeviseCreateUsers (20200830060820)
  [1m[35m (0.1ms)[0m  [1m[36mbegin transaction[0m
  ↳ bin/rails:9
  [1m[35m (0.4ms)[0m  [1m[35mCREATE TABLE "users" ("id" integer PRIMARY KEY AUTOINCREMENT NOT NULL, "email" varchar DEFAULT '' NOT NULL, "encrypted_password" varchar DEFAULT '' NOT NULL, "reset_password_token" varchar, "reset_password_sent_at" datetime, "remember_created_at" datetime, "name" varchar, "introduction" text, "profile_image_id" varchar, "created_at" datetime NOT NULL, "updated_at" datetime NOT NULL)[0m
  ↳ db/migrate/20200830060820_devise_create_users.rb:5
  [1m[35m (0.2ms)[0m  [1m[35mCREATE UNIQUE INDEX "index_users_on_email" ON "users" ("email")[0m
  ↳ db/migrate/20200830060820_devise_create_users.rb:41
  [1m[35m (0.1ms)[0m  [1m[35mCREATE UNIQUE INDEX "index_users_on_reset_password_token" ON "users" ("reset_password_token")[0m
  ↳ db/migrate/20200830060820_devise_create_users.rb:42
  [1m[36mActiveRecord::SchemaMigration Create (1.1ms)[0m  [1m[32mINSERT INTO "schema_migrations" ("version") VALUES (?)[0m  [["version", "20200830060820"]]
  ↳ bin/rails:9
  [1m[35m (5.7ms)[0m  [1m[36mcommit transaction[0m
  ↳ bin/rails:9
Migrating to CreateBooks (20200830062142)
  [1m[35m (0.1ms)[0m  [1m[36mbegin transaction[0m
  ↳ bin/rails:9
  [1m[35m (0.3ms)[0m  [1m[35mCREATE TABLE "books" ("id" integer PRIMARY KEY AUTOINCREMENT NOT NULL, "title" varchar, "body" text, "user_id" integer, "created_at" datetime NOT NULL, "updated_at" datetime NOT NULL)[0m
  ↳ db/migrate/20200830062142_create_books.rb:3
  [1m[36mActiveRecord::SchemaMigration Create (0.1ms)[0m  [1m[32mINSERT INTO "schema_migrations" ("version") VALUES (?)[0m  [["version", "20200830062142"]]
  ↳ bin/rails:9
  [1m[35m (5.0ms)[0m  [1m[36mcommit transaction[0m
  ↳ bin/rails:9
Migrating to CreateBookComments (20211123002111)
  [1m[35m (0.1ms)[0m  [1m[36mbegin transaction[0m
  ↳ bin/rails:9
  [1m[35m (0.3ms)[0m  [1m[35mCREATE TABLE "book_comments" ("id" integer PRIMARY KEY AUTOINCREMENT NOT NULL, "comment" text, "user_id" integer, "book_id" integer, "created_at" datetime NOT NULL, "updated_at" datetime NOT NULL)[0m
  ↳ db/migrate/20211123002111_create_book_comments.rb:3
  [1m[36mActiveRecord::SchemaMigration Create (0.1ms)[0m  [1m[32mINSERT INTO "schema_migrations" ("version") VALUES (?)[0m  [["version", "20211123002111"]]
  ↳ bin/rails:9
  [1m[35m (5.9ms)[0m  [1m[36mcommit transaction[0m
  ↳ bin/rails:9
Migrating to CreateFavorites (20211123014947)
  [1m[35m (0.0ms)[0m  [1m[36mbegin transaction[0m
  ↳ bin/rails:9
  [1m[35m (0.3ms)[0m  [1m[35mCREATE TABLE "favorites" ("id" integer PRIMARY KEY AUTOINCREMENT NOT NULL, "user_id" integer, "book_id" integer, "created_at" datetime NOT NULL, "updated_at" datetime NOT NULL)[0m
  ↳ db/migrate/20211123014947_create_favorites.rb:3
  [1m[36mActiveRecord::SchemaMigration Create (0.1ms)[0m  [1m[32mINSERT INTO "schema_migrations" ("version") VALUES (?)[0m  [["version", "20211123014947"]]
  ↳ bin/rails:9
  [1m[35m (12.3ms)[0m  [1m[36mcommit transaction[0m
  ↳ bin/rails:9
Migrating to CreateRelationships (20211124001427)
  [1m[35m (0.1ms)[0m  [1m[36mbegin transaction[0m
  ↳ bin/rails:9
  [1m[35m (0.3ms)[0m  [1m[35mCREATE TABLE "relationships" ("id" integer PRIMARY KEY AUTOINCREMENT NOT NULL, "follower_id" integer, "followed_id" integer, "created_at" datetime NOT NULL, "updated_at" datetime NOT NULL)[0m
  ↳ db/migrate/20211124001427_create_relationships.rb:3
  [1m[36mActiveRecord::SchemaMigration Create (0.1ms)[0m  [1m[32mINSERT INTO "schema_migrations" ("version") VALUES (?)[0m  [["version", "20211124001427"]]
  ↳ bin/rails:9
  [1m[35m (4.8ms)[0m  [1m[36mcommit transaction[0m
  ↳ bin/rails:9
Migrating to CreateRooms (20211201115609)
  [1m[35m (0.1ms)[0m  [1m[36mbegin transaction[0m
  ↳ bin/rails:9
  [1m[35m (0.3ms)[0m  [1m[35mCREATE TABLE "rooms" ("id" integer PRIMARY KEY AUTOINCREMENT NOT NULL, "name" varchar, "created_at" datetime NOT NULL, "updated_at" datetime NOT NULL)[0m
  ↳ db/migrate/20211201115609_create_rooms.rb:3
  [1m[36mActiveRecord::SchemaMigration Create (0.2ms)[0m  [1m[32mINSERT INTO "schema_migrations" ("version") VALUES (?)[0m  [["version", "20211201115609"]]
  ↳ bin/rails:9
  [1m[35m (5.1ms)[0m  [1m[36mcommit transaction[0m
  ↳ bin/rails:9
Migrating to CreateEntries (20211201115802)
  [1m[35m (0.0ms)[0m  [1m[36mbegin transaction[0m
  ↳ bin/rails:9
  [1m[35m (0.3ms)[0m  [1m[35mCREATE TABLE "entries" ("id" integer PRIMARY KEY AUTOINCREMENT NOT NULL, "user_id" integer, "room_id" integer, "created_at" datetime NOT NULL, "updated_at" datetime NOT NULL, CONSTRAINT "fk_rails_99dc12d4fd"
FOREIGN KEY ("user_id")
  REFERENCES "users" ("id")
, CONSTRAINT "fk_rails_f9d3a4412c"
FOREIGN KEY ("room_id")
  REFERENCES "rooms" ("id")
)[0m
  ↳ db/migrate/20211201115802_create_entries.rb:3
  [1m[35m (0.2ms)[0m  [1m[35mCREATE  INDEX "index_entries_on_user_id" ON "entries" ("user_id")[0m
  ↳ db/migrate/20211201115802_create_entries.rb:3
  [1m[35m (0.1ms)[0m  [1m[35mCREATE  INDEX "index_entries_on_room_id" ON "entries" ("room_id")[0m
  ↳ db/migrate/20211201115802_create_entries.rb:3
  [1m[36mActiveRecord::SchemaMigration Create (0.1ms)[0m  [1m[32mINSERT INTO "schema_migrations" ("version") VALUES (?)[0m  [["version", "20211201115802"]]
  ↳ bin/rails:9
  [1m[35m (6.0ms)[0m  [1m[36mcommit transaction[0m
  ↳ bin/rails:9
Migrating to CreateMessages (20211201115948)
  [1m[35m (0.0ms)[0m  [1m[36mbegin transaction[0m
  ↳ bin/rails:9
  [1m[35m (0.3ms)[0m  [1m[35mCREATE TABLE "messages" ("id" integer PRIMARY KEY AUTOINCREMENT NOT NULL, "user_id" integer, "room_id" integer, "centent" text, "created_at" datetime NOT NULL, "updated_at" datetime NOT NULL, CONSTRAINT "fk_rails_273a25a7a6"
FOREIGN KEY ("user_id")
  REFERENCES "users" ("id")
, CONSTRAINT "fk_rails_a8db0fb63a"
FOREIGN KEY ("room_id")
  REFERENCES "rooms" ("id")
)[0m
  ↳ db/migrate/20211201115948_create_messages.rb:3
  [1m[35m (0.1ms)[0m  [1m[35mCREATE  INDEX "index_messages_on_user_id" ON "messages" ("user_id")[0m
  ↳ db/migrate/20211201115948_create_messages.rb:3
  [1m[35m (0.1ms)[0m  [1m[35mCREATE  INDEX "index_messages_on_room_id" ON "messages" ("room_id")[0m
  ↳ db/migrate/20211201115948_create_messages.rb:3
  [1m[36mActiveRecord::SchemaMigration Create (0.1ms)[0m  [1m[32mINSERT INTO "schema_migrations" ("version") VALUES (?)[0m  [["version", "20211201115948"]]
  ↳ bin/rails:9
  [1m[35m (6.3ms)[0m  [1m[36mcommit transaction[0m
  ↳ bin/rails:9
Migrating to AddImpressionsCountToBooks (20211202035925)
  [1m[35m (0.1ms)[0m  [1m[36mbegin transaction[0m
  ↳ bin/rails:9
  [1m[35m (0.3ms)[0m  [1m[35mALTER TABLE "books" ADD "impressions_count" integer DEFAULT 0[0m
  ↳ db/migrate/20211202035925_add_impressions_count_to_books.rb:3
  [1m[36mActiveRecord::SchemaMigration Create (0.1ms)[0m  [1m[32mINSERT INTO "schema_migrations" ("version") VALUES (?)[0m  [["version", "20211202035925"]]
  ↳ bin/rails:9
  [1m[35m (5.8ms)[0m  [1m[36mcommit transaction[0m
  ↳ bin/rails:9
Migrating to CreateImpressionsTable (20211202043312)
  [1m[35m (0.1ms)[0m  [1m[36mbegin transaction[0m
  ↳ bin/rails:9
  [1m[35m (0.2ms)[0m  [1m[35mDROP TABLE IF EXISTS "impressions"[0m
  ↳ db/migrate/20211202043312_create_impressions_table.rb:3
  [1m[35m (0.3ms)[0m  [1m[35mCREATE TABLE "impressions" ("id" integer PRIMARY KEY AUTOINCREMENT NOT NULL, "impressionable_type" varchar, "impressionable_id" integer, "user_id" integer, "controller_name" varchar, "action_name" varchar, "view_name" varchar, "request_hash" varchar, "ip_address" varchar, "session_hash" varchar, "message" text, "referrer" text, "params" text, "created_at" datetime NOT NULL, "updated_at" datetime NOT NULL)[0m
  ↳ db/migrate/20211202043312_create_impressions_table.rb:3
  [1m[35m (0.1ms)[0m  [1m[35mCREATE  INDEX "impressionable_type_message_index" ON "impressions" ("impressionable_type", "message", "impressionable_id")[0m
  ↳ db/migrate/20211202043312_create_impressions_table.rb:18
  [1m[35m (0.1ms)[0m  [1m[35mCREATE  INDEX "poly_request_index" ON "impressions" ("impressionable_type", "impressionable_id", "request_hash")[0m
  ↳ db/migrate/20211202043312_create_impressions_table.rb:19
  [1m[35m (0.1ms)[0m  [1m[35mCREATE  INDEX "poly_ip_index" ON "impressions" ("impressionable_type", "impressionable_id", "ip_address")[0m
  ↳ db/migrate/20211202043312_create_impressions_table.rb:20
  [1m[35m (0.2ms)[0m  [1m[35mCREATE  INDEX "poly_session_index" ON "impressions" ("impressionable_type", "impressionable_id", "session_hash")[0m
  ↳ db/migrate/20211202043312_create_impressions_table.rb:21
  [1m[35m (0.1ms)[0m  [1m[35mCREATE  INDEX "controlleraction_request_index" ON "impressions" ("controller_name", "action_name", "request_hash")[0m
  ↳ db/migrate/20211202043312_create_impressions_table.rb:22
  [1m[35m (0.1ms)[0m  [1m[35mCREATE  INDEX "controlleraction_ip_index" ON "impressions" ("controller_name", "action_name", "ip_address")[0m
  ↳ db/migrate/20211202043312_create_impressions_table.rb:23
  [1m[35m (0.1ms)[0m  [1m[35mCREATE  INDEX "controlleraction_session_index" ON "impressions" ("controller_name", "action_name", "session_hash")[0m
  ↳ db/migrate/20211202043312_create_impressions_table.rb:24
  [1m[35m (0.1ms)[0m  [1m[35mCREATE  INDEX "poly_params_request_index" ON "impressions" ("impressionable_type", "impressionable_id", "params")[0m
  ↳ db/migrate/20211202043312_create_impressions_table.rb:25
  [1m[35m (0.1ms)[0m  [1m[35mCREATE  INDEX "index_impressions_on_user_id" ON "impressions" ("user_id")[0m
  ↳ db/migrate/20211202043312_create_impressions_table.rb:26
  [1m[36mActiveRecord::SchemaMigration Create (0.1ms)[0m  [1m[32mINSERT INTO "schema_migrations" ("version") VALUES (?)[0m  [["version", "20211202043312"]]
  ↳ bin/rails:9
  [1m[35m (5.3ms)[0m  [1m[36mcommit transaction[0m
  ↳ bin/rails:9
  [1m[36mActiveRecord::InternalMetadata Load (0.2ms)[0m  [1m[34mSELECT  "ar_internal_metadata".* FROM "ar_internal_metadata" WHERE "ar_internal_metadata"."key" = ? LIMIT ?[0m  [["key", "environment"], ["LIMIT", 1]]
  ↳ bin/rails:9
  [1m[35m (0.1ms)[0m  [1m[36mbegin transaction[0m
  ↳ bin/rails:9
  [1m[36mActiveRecord::InternalMetadata Create (0.3ms)[0m  [1m[32mINSERT INTO "ar_internal_metadata" ("key", "value", "created_at", "updated_at") VALUES (?, ?, ?, ?)[0m  [["key", "environment"], ["value", "development"], ["created_at", "2022-02-21 11:21:03.337541"], ["updated_at", "2022-02-21 11:21:03.337541"]]
  ↳ bin/rails:9
  [1m[35m (6.2ms)[0m  [1m[36mcommit transaction[0m
  ↳ bin/rails:9
  [1m[35m (0.1ms)[0m  [1m[34mSELECT "schema_migrations"."version" FROM "schema_migrations" ORDER BY "schema_migrations"."version" ASC[0m
  ↳ bin/rails:9
Started GET "/" for 133.32.176.208 at 2022-02-21 11:21:22 +0000
Cannot render console from 133.32.176.208! Allowed networks: 127.0.0.1, ::1, 127.0.0.0/127.255.255.255
  [1m[35m (0.1ms)[0m  [1m[34mSELECT "schema_migrations"."version" FROM "schema_migrations" ORDER BY "schema_migrations"."version" ASC[0m
  ↳ /home/ec2-user/.rvm/gems/ruby-2.6.3/gems/activerecord-5.2.5/lib/active_record/log_subscriber.rb:98
Processing by HomesController#top as HTML
  Rendering homes/top.html.erb within layouts/application
  Rendered homes/top.html.erb within layouts/application (2.1ms)
Started GET "/" for 133.32.176.208 at 2022-02-21 11:21:24 +0000
Cannot render console from 133.32.176.208! Allowed networks: 127.0.0.1, ::1, 127.0.0.0/127.255.255.255
Processing by HomesController#top as HTML
  Rendering homes/top.html.erb within layouts/application
  Rendered homes/top.html.erb within layouts/application (0.6ms)
  Rendered layouts/_header.html.erb (5.3ms)
  Rendered layouts/_footer.html.erb (0.2ms)
Completed 200 OK in 7100ms (Views: 7098.8ms | ActiveRecord: 0.0ms)


  Rendered layouts/_header.html.erb (0.9ms)
  Rendered layouts/_footer.html.erb (0.3ms)
Completed 200 OK in 9107ms (Views: 9094.7ms | ActiveRecord: 0.0ms)


Started GET "/users/sign_in" for 133.32.176.208 at 2022-02-21 11:21:37 +0000
Cannot render console from 133.32.176.208! Allowed networks: 127.0.0.1, ::1, 127.0.0.0/127.255.255.255
Processing by Devise::SessionsController#new as HTML
  Rendering devise/sessions/new.html.erb within layouts/application
  Rendered devise/shared/_links.html.erb (2.8ms)
  Rendered devise/sessions/new.html.erb within layouts/application (34.2ms)
  Rendered layouts/_header.html.erb (0.7ms)
  Rendered layouts/_footer.html.erb (0.3ms)
Completed 200 OK in 111ms (Views: 99.6ms | ActiveRecord: 0.8ms)


Started POST "/users/sign_in" for 133.32.176.208 at 2022-02-21 11:21:39 +0000
Cannot render console from 133.32.176.208! Allowed networks: 127.0.0.1, ::1, 127.0.0.0/127.255.255.255
Processing by Devise::SessionsController#create as HTML
  Parameters: {"utf8"=>"✓", "authenticity_token"=>"RFvoN24sB4i-4rh-SENMRznfC_V75pURBbVN6ObnI67gFvsQpJDRh__CrXfRWnXA5pJ05UuEwx3qnmbmXhNVUA", "user"=>{"name"=>"shun@gmail.com", "password"=>"[FILTERED]", "remember_me"=>"0"}, "commit"=>"Log in"}
  [1m[36mUser Load (0.2ms)[0m  [1m[34mSELECT  "users".* FROM "users" WHERE "users"."name" = ? ORDER BY "users"."id" ASC LIMIT ?[0m  [["name", "shun@gmail.com"], ["LIMIT", 1]]
  ↳ /home/ec2-user/.rvm/gems/ruby-2.6.3/gems/activerecord-5.2.5/lib/active_record/log_subscriber.rb:98
Completed 401 Unauthorized in 12ms (ActiveRecord: 0.2ms)


Processing by Devise::SessionsController#new as HTML
  Parameters: {"utf8"=>"✓", "authenticity_token"=>"RFvoN24sB4i-4rh-SENMRznfC_V75pURBbVN6ObnI67gFvsQpJDRh__CrXfRWnXA5pJ05UuEwx3qnmbmXhNVUA", "user"=>{"name"=>"shun@gmail.com", "password"=>"[FILTERED]", "remember_me"=>"0"}, "commit"=>"Log in"}
  Rendering devise/sessions/new.html.erb within layouts/application
  Rendered devise/shared/_links.html.erb (0.7ms)
  Rendered devise/sessions/new.html.erb within layouts/application (3.1ms)
  Rendered layouts/_header.html.erb (0.6ms)
  Rendered layouts/_footer.html.erb (0.3ms)
Completed 200 OK in 312ms (Views: 57.9ms | ActiveRecord: 0.0ms)


Started GET "/" for 133.32.176.208 at 2022-02-21 11:21:42 +0000
Cannot render console from 133.32.176.208! Allowed networks: 127.0.0.1, ::1, 127.0.0.0/127.255.255.255
Processing by HomesController#top as HTML
  Rendering homes/top.html.erb within layouts/application
  Rendered homes/top.html.erb within layouts/application (0.7ms)
  Rendered layouts/_header.html.erb (1.1ms)
  Rendered layouts/_footer.html.erb (0.3ms)
Completed 200 OK in 70ms (Views: 68.8ms | ActiveRecord: 0.0ms)


Started GET "/" for 133.32.176.208 at 2022-02-21 11:42:59 +0000
Cannot render console from 133.32.176.208! Allowed networks: 127.0.0.1, ::1, 127.0.0.0/127.255.255.255
  [1m[35m (0.1ms)[0m  [1m[34mSELECT "schema_migrations"."version" FROM "schema_migrations" ORDER BY "schema_migrations"."version" ASC[0m
  ↳ /home/ec2-user/.rvm/gems/ruby-2.6.3/gems/activerecord-5.2.5/lib/active_record/log_subscriber.rb:98
Processing by HomesController#top as HTML
  Rendering homes/top.html.erb within layouts/application
  Rendered homes/top.html.erb within layouts/application (1.0ms)
  Rendered layouts/_header.html.erb (4.6ms)
  Rendered layouts/_footer.html.erb (0.7ms)
Completed 200 OK in 334ms (Views: 328.0ms | ActiveRecord: 0.0ms)


Started POST "/users/guest_sign_in" for 133.32.176.208 at 2022-02-21 11:43:02 +0000
Cannot render console from 133.32.176.208! Allowed networks: 127.0.0.1, ::1, 127.0.0.0/127.255.255.255
Processing by Users::SessionsController#guest_sign_in as HTML
  Parameters: {"authenticity_token"=>"DSj2Dr_18E5Pz3RQp5L33p6c5Sa3kJk6DoxUCh_FVG823ATD-IP02Rz2QQrHYs8hGco2fSQAqwDYBCSM9NlU2Q"}
  [1m[36mUser Load (0.2ms)[0m  [1m[34mSELECT  "users".* FROM "users" WHERE "users"."name" = ? AND "users"."email" = ? LIMIT ?[0m  [["name", "guestuser"], ["email", "guest@example.com"], ["LIMIT", 1]]
  ↳ app/models/user.rb:64
  [1m[35m (0.1ms)[0m  [1m[36mbegin transaction[0m
  ↳ app/models/user.rb:64
  [1m[36mUser Exists (0.1ms)[0m  [1m[34mSELECT  1 AS one FROM "users" WHERE "users"."email" = ? LIMIT ?[0m  [["email", "guest@example.com"], ["LIMIT", 1]]
  ↳ app/models/user.rb:64
  [1m[36mUser Exists (0.1ms)[0m  [1m[34mSELECT  1 AS one FROM "users" WHERE "users"."name" = ? LIMIT ?[0m  [["name", "guestuser"], ["LIMIT", 1]]
  ↳ app/models/user.rb:64
  [1m[36mUser Create (0.3ms)[0m  [1m[32mINSERT INTO "users" ("email", "encrypted_password", "name", "created_at", "updated_at") VALUES (?, ?, ?, ?, ?)[0m  [["email", "guest@example.com"], ["encrypted_password", "$2a$12$NmDGvgiBsS2euX/GX8SO9ufbtSUNBn4o0Wzqi.kXsNWGy1F1.x3mi"], ["name", "guestuser"], ["created_at", "2022-02-21 11:43:02.761627"], ["updated_at", "2022-02-21 11:43:02.761627"]]
  ↳ app/models/user.rb:64
  [1m[35m (4.5ms)[0m  [1m[36mcommit transaction[0m
  ↳ app/models/user.rb:64
Redirected to https://136c8ff73b724c80b67ce509ef11d6c3.vfs.cloud9.us-east-1.amazonaws.com/users/1
Completed 302 Found in 281ms (ActiveRecord: 5.8ms)


Started GET "/users/1" for 133.32.176.208 at 2022-02-21 11:43:02 +0000
Cannot render console from 133.32.176.208! Allowed networks: 127.0.0.1, ::1, 127.0.0.0/127.255.255.255
Processing by UsersController#show as HTML
  Parameters: {"id"=>"1"}
  [1m[36mUser Load (0.2ms)[0m  [1m[34mSELECT  "users".* FROM "users" WHERE "users"."id" = ? ORDER BY "users"."id" ASC LIMIT ?[0m  [["id", 1], ["LIMIT", 1]]
  ↳ /home/ec2-user/.rvm/gems/ruby-2.6.3/gems/activerecord-5.2.5/lib/active_record/log_subscriber.rb:98
  [1m[36mUser Load (0.2ms)[0m  [1m[34mSELECT  "users".* FROM "users" WHERE "users"."id" = ? LIMIT ?[0m  [["id", 1], ["LIMIT", 1]]
  ↳ app/controllers/users_controller.rb:7
  Rendering users/show.html.erb within layouts/application
  Rendered users/_info.html.erb (0.6ms)
  Rendered users/show.html.erb within layouts/application (1.7ms)
Completed 500 Internal Server Error in 31ms (ActiveRecord: 1.1ms)


  
SyntaxError (/home/ec2-user/environment/bookers2-debug-02-main/app/views/users/_info.html.erb:23: syntax error, unexpected '<'
        <%= link_to '',edit_user_path(...
        ^
/home/ec2-user/environment/bookers2-debug-02-main/app/views/users/_info.html.erb:45: syntax error, unexpected ensure, expecting end-of-input
          ensure
          ^~~~~~):
  
app/views/users/_info.html.erb:23: syntax error, unexpected '<'
app/views/users/_info.html.erb:45: syntax error, unexpected ensure, expecting end-of-input
app/views/users/show.html.erb:5:in `_app_views_users_show_html_erb__2614662773915778193_70253322865960'
Started GET "/users/1" for 133.32.176.208 at 2022-02-21 11:43:46 +0000
Cannot render console from 133.32.176.208! Allowed networks: 127.0.0.1, ::1, 127.0.0.0/127.255.255.255
Processing by UsersController#show as HTML
  Parameters: {"id"=>"1"}
  [1m[36mUser Load (0.1ms)[0m  [1m[34mSELECT  "users".* FROM "users" WHERE "users"."id" = ? ORDER BY "users"."id" ASC LIMIT ?[0m  [["id", 1], ["LIMIT", 1]]
  ↳ /home/ec2-user/.rvm/gems/ruby-2.6.3/gems/activerecord-5.2.5/lib/active_record/log_subscriber.rb:98
  [1m[36mUser Load (0.1ms)[0m  [1m[34mSELECT  "users".* FROM "users" WHERE "users"."id" = ? LIMIT ?[0m  [["id", 1], ["LIMIT", 1]]
  ↳ app/controllers/users_controller.rb:7
  Rendering users/show.html.erb within layouts/application
  [1m[35m (0.4ms)[0m  [1m[34mSELECT COUNT(*) FROM "users" INNER JOIN "relationships" ON "users"."id" = "relationships"."followed_id" WHERE "relationships"."follower_id" = ?[0m  [["follower_id", 1]]
  ↳ app/views/users/_info.html.erb:13
  [1m[35m (0.2ms)[0m  [1m[34mSELECT COUNT(*) FROM "users" INNER JOIN "relationships" ON "users"."id" = "relationships"."follower_id" WHERE "relationships"."followed_id" = ?[0m  [["followed_id", 1]]
  ↳ app/views/users/_info.html.erb:17
  [1m[36mUser Exists (0.1ms)[0m  [1m[34mSELECT  1 AS one FROM "users" INNER JOIN "relationships" ON "users"."id" = "relationships"."followed_id" WHERE "relationships"."follower_id" = ? AND "users"."id" = ? LIMIT ?[0m  [["follower_id", 1], ["id", 1], ["LIMIT", 1]]
  ↳ app/models/user.rb:37
  Rendered users/_info.html.erb (35.2ms)
  Rendered books/_form.html.erb (6.9ms)
  Rendered searches/_form.html.erb (0.9ms)
  [1m[36mBook Load (0.2ms)[0m  [1m[34mSELECT "books".* FROM "books" WHERE "books"."user_id" = ?[0m  [["user_id", 1]]
  ↳ app/views/books/_index.html.erb:11
  Rendered books/_index.html.erb (2.0ms)
  Rendered users/show.html.erb within layouts/application (47.9ms)
  Rendered layouts/_header.html.erb (1.0ms)
  Rendered layouts/_footer.html.erb (0.3ms)
Completed 200 OK in 122ms (Views: 92.2ms | ActiveRecord: 11.7ms)


Started GET "/users/1/edit" for 133.32.176.208 at 2022-02-21 11:44:14 +0000
Cannot render console from 133.32.176.208! Allowed networks: 127.0.0.1, ::1, 127.0.0.0/127.255.255.255
Processing by UsersController#edit as HTML
  Parameters: {"id"=>"1"}
  [1m[36mUser Load (0.1ms)[0m  [1m[34mSELECT  "users".* FROM "users" WHERE "users"."id" = ? ORDER BY "users"."id" ASC LIMIT ?[0m  [["id", 1], ["LIMIT", 1]]
  ↳ /home/ec2-user/.rvm/gems/ruby-2.6.3/gems/activerecord-5.2.5/lib/active_record/log_subscriber.rb:98
  [1m[36mUser Load (0.1ms)[0m  [1m[34mSELECT  "users".* FROM "users" WHERE "users"."id" = ? LIMIT ?[0m  [["id", 1], ["LIMIT", 1]]
  ↳ app/controllers/users_controller.rb:48
Redirected to https://136c8ff73b724c80b67ce509ef11d6c3.vfs.cloud9.us-east-1.amazonaws.com/users/1
Filter chain halted as :ensure_guest_user rendered or redirected
Completed 302 Found in 3ms (ActiveRecord: 0.2ms)


Started GET "/users/1" for 133.32.176.208 at 2022-02-21 11:44:14 +0000
Cannot render console from 133.32.176.208! Allowed networks: 127.0.0.1, ::1, 127.0.0.0/127.255.255.255
Processing by UsersController#show as HTML
  Parameters: {"id"=>"1"}
  [1m[36mUser Load (0.1ms)[0m  [1m[34mSELECT  "users".* FROM "users" WHERE "users"."id" = ? ORDER BY "users"."id" ASC LIMIT ?[0m  [["id", 1], ["LIMIT", 1]]
  ↳ /home/ec2-user/.rvm/gems/ruby-2.6.3/gems/activerecord-5.2.5/lib/active_record/log_subscriber.rb:98
  [1m[36mUser Load (0.1ms)[0m  [1m[34mSELECT  "users".* FROM "users" WHERE "users"."id" = ? LIMIT ?[0m  [["id", 1], ["LIMIT", 1]]
  ↳ app/controllers/users_controller.rb:7
  Rendering users/show.html.erb within layouts/application
  [1m[35m (0.1ms)[0m  [1m[34mSELECT COUNT(*) FROM "users" INNER JOIN "relationships" ON "users"."id" = "relationships"."followed_id" WHERE "relationships"."follower_id" = ?[0m  [["follower_id", 1]]
  ↳ app/views/users/_info.html.erb:13
  [1m[35m (0.1ms)[0m  [1m[34mSELECT COUNT(*) FROM "users" INNER JOIN "relationships" ON "users"."id" = "relationships"."follower_id" WHERE "relationships"."followed_id" = ?[0m  [["followed_id", 1]]
  ↳ app/views/users/_info.html.erb:17
  [1m[36mUser Exists (0.1ms)[0m  [1m[34mSELECT  1 AS one FROM "users" INNER JOIN "relationships" ON "users"."id" = "relationships"."followed_id" WHERE "relationships"."follower_id" = ? AND "users"."id" = ? LIMIT ?[0m  [["follower_id", 1], ["id", 1], ["LIMIT", 1]]
  ↳ app/models/user.rb:37
  Rendered users/_info.html.erb (4.1ms)
  Rendered books/_form.html.erb (1.3ms)
  Rendered searches/_form.html.erb (0.5ms)
  [1m[36mBook Load (0.1ms)[0m  [1m[34mSELECT "books".* FROM "books" WHERE "books"."user_id" = ?[0m  [["user_id", 1]]
  ↳ app/views/books/_index.html.erb:11
  Rendered books/_index.html.erb (0.9ms)
  Rendered users/show.html.erb within layouts/application (8.4ms)
  Rendered layouts/_header.html.erb (1.0ms)
  Rendered layouts/_footer.html.erb (0.3ms)
Completed 200 OK in 70ms (Views: 67.1ms | ActiveRecord: 0.5ms)


Started GET "/" for 133.32.176.208 at 2022-02-21 11:46:24 +0000
Cannot render console from 133.32.176.208! Allowed networks: 127.0.0.1, ::1, 127.0.0.0/127.255.255.255
Processing by HomesController#top as HTML
  Rendering homes/top.html.erb within layouts/application
  Rendered homes/top.html.erb within layouts/application (0.8ms)
  [1m[36mUser Load (0.1ms)[0m  [1m[34mSELECT  "users".* FROM "users" WHERE "users"."id" = ? ORDER BY "users"."id" ASC LIMIT ?[0m  [["id", 1], ["LIMIT", 1]]
  ↳ app/views/layouts/_header.html.erb:10
  Rendered layouts/_header.html.erb (2.2ms)
  Rendered layouts/_footer.html.erb (0.3ms)
Completed 200 OK in 76ms (Views: 75.2ms | ActiveRecord: 0.1ms)


